<?xml version="1.0" encoding="UTF-8"?>
<testsuite xmlns:xsi="http://www.w3.org/2001/XMLSchema-instance" xsi:noNamespaceSchemaLocation="https://maven.apache.org/surefire/maven-surefire-plugin/xsd/surefire-test-report.xsd" name="TestSuite" time="33.253" tests="6" errors="0" skipped="0" failures="1">
  <properties>
    <property name="sun.desktop" value="windows"/>
    <property name="awt.toolkit" value="sun.awt.windows.WToolkit"/>
    <property name="file.encoding.pkg" value="sun.io"/>
    <property name="java.specification.version" value="1.8"/>
    <property name="sun.cpu.isalist" value="amd64"/>
    <property name="sun.jnu.encoding" value="Cp1252"/>
    <property name="java.class.path" value="D:\Repositories\SFM_POM\target\test-classes;D:\Repositories\SFM_POM\target\classes;C:\Users\testing02\.m2\repository\junit\junit\3.8.1\junit-3.8.1.jar;C:\Users\testing02\.m2\repository\org\seleniumhq\selenium\selenium-java\3.14.0\selenium-java-3.14.0.jar;C:\Users\testing02\.m2\repository\org\seleniumhq\selenium\selenium-api\3.14.0\selenium-api-3.14.0.jar;C:\Users\testing02\.m2\repository\org\seleniumhq\selenium\selenium-chrome-driver\3.14.0\selenium-chrome-driver-3.14.0.jar;C:\Users\testing02\.m2\repository\org\seleniumhq\selenium\selenium-edge-driver\3.14.0\selenium-edge-driver-3.14.0.jar;C:\Users\testing02\.m2\repository\org\seleniumhq\selenium\selenium-firefox-driver\3.14.0\selenium-firefox-driver-3.14.0.jar;C:\Users\testing02\.m2\repository\org\seleniumhq\selenium\selenium-ie-driver\3.14.0\selenium-ie-driver-3.14.0.jar;C:\Users\testing02\.m2\repository\org\seleniumhq\selenium\selenium-opera-driver\3.14.0\selenium-opera-driver-3.14.0.jar;C:\Users\testing02\.m2\repository\org\seleniumhq\selenium\selenium-remote-driver\3.14.0\selenium-remote-driver-3.14.0.jar;C:\Users\testing02\.m2\repository\org\seleniumhq\selenium\selenium-safari-driver\3.14.0\selenium-safari-driver-3.14.0.jar;C:\Users\testing02\.m2\repository\org\seleniumhq\selenium\selenium-support\3.14.0\selenium-support-3.14.0.jar;C:\Users\testing02\.m2\repository\net\bytebuddy\byte-buddy\1.8.15\byte-buddy-1.8.15.jar;C:\Users\testing02\.m2\repository\org\apache\commons\commons-exec\1.3\commons-exec-1.3.jar;C:\Users\testing02\.m2\repository\commons-codec\commons-codec\1.10\commons-codec-1.10.jar;C:\Users\testing02\.m2\repository\commons-logging\commons-logging\1.2\commons-logging-1.2.jar;C:\Users\testing02\.m2\repository\com\google\guava\guava\25.0-jre\guava-25.0-jre.jar;C:\Users\testing02\.m2\repository\com\google\code\findbugs\jsr305\1.3.9\jsr305-1.3.9.jar;C:\Users\testing02\.m2\repository\org\checkerframework\checker-compat-qual\2.0.0\checker-compat-qual-2.0.0.jar;C:\Users\testing02\.m2\repository\com\google\errorprone\error_prone_annotations\2.1.3\error_prone_annotations-2.1.3.jar;C:\Users\testing02\.m2\repository\com\google\j2objc\j2objc-annotations\1.1\j2objc-annotations-1.1.jar;C:\Users\testing02\.m2\repository\org\codehaus\mojo\animal-sniffer-annotations\1.14\animal-sniffer-annotations-1.14.jar;C:\Users\testing02\.m2\repository\org\apache\httpcomponents\httpclient\4.5.5\httpclient-4.5.5.jar;C:\Users\testing02\.m2\repository\org\apache\httpcomponents\httpcore\4.4.9\httpcore-4.4.9.jar;C:\Users\testing02\.m2\repository\com\squareup\okhttp3\okhttp\3.10.0\okhttp-3.10.0.jar;C:\Users\testing02\.m2\repository\com\squareup\okio\okio\1.14.1\okio-1.14.1.jar;C:\Users\testing02\.m2\repository\org\testng\testng\6.14.3\testng-6.14.3.jar;C:\Users\testing02\.m2\repository\com\beust\jcommander\1.72\jcommander-1.72.jar;C:\Users\testing02\.m2\repository\org\apache-extras\beanshell\bsh\2.0b6\bsh-2.0b6.jar;C:\Users\testing02\.m2\repository\org\apache\poi\poi\3.9\poi-3.9.jar;C:\Users\testing02\.m2\repository\org\apache\poi\poi-ooxml\3.9\poi-ooxml-3.9.jar;C:\Users\testing02\.m2\repository\dom4j\dom4j\1.6.1\dom4j-1.6.1.jar;C:\Users\testing02\.m2\repository\xml-apis\xml-apis\1.0.b2\xml-apis-1.0.b2.jar;C:\Users\testing02\.m2\repository\org\apache\poi\poi-ooxml-schemas\3.9\poi-ooxml-schemas-3.9.jar;C:\Users\testing02\.m2\repository\org\apache\xmlbeans\xmlbeans\2.3.0\xmlbeans-2.3.0.jar;C:\Users\testing02\.m2\repository\stax\stax-api\1.0.1\stax-api-1.0.1.jar;C:\Users\testing02\.m2\repository\org\apache\poi\poi-scratchpad\3.9\poi-scratchpad-3.9.jar;C:\Users\testing02\.m2\repository\org\apache\poi\ooxml-schemas\1.1\ooxml-schemas-1.1.jar;C:\Users\testing02\.m2\repository\org\apache\poi\openxml4j\1.0-beta\openxml4j-1.0-beta.jar;C:\Users\testing02\.m2\repository\log4j\log4j\1.2.8\log4j-1.2.8.jar;C:\Users\testing02\.m2\repository\com\relevantcodes\extentreports\2.41.2\extentreports-2.41.2.jar;C:\Users\testing02\.m2\repository\org\jsoup\jsoup\1.8.3\jsoup-1.8.3.jar;C:\Users\testing02\.m2\repository\org\xerial\sqlite-jdbc\3.8.11.1\sqlite-jdbc-3.8.11.1.jar;C:\Users\testing02\.m2\repository\org\freemarker\freemarker\2.3.23\freemarker-2.3.23.jar;C:\Users\testing02\.m2\repository\org\mongodb\mongodb-driver\3.0.4\mongodb-driver-3.0.4.jar;C:\Users\testing02\.m2\repository\org\mongodb\bson\3.0.4\bson-3.0.4.jar;C:\Users\testing02\.m2\repository\org\mongodb\mongodb-driver-core\3.0.4\mongodb-driver-core-3.0.4.jar;C:\Users\testing02\.m2\repository\com\codeborne\phantomjsdriver\1.4.4\phantomjsdriver-1.4.4.jar;C:\Users\testing02\.m2\repository\org\apache\maven\surefire\surefire-testng-utils\2.22.0\surefire-testng-utils-2.22.0.jar;C:\Users\testing02\.m2\repository\org\apache\maven\surefire\surefire-grouper\2.22.0\surefire-grouper-2.22.0.jar;"/>
    <property name="java.vm.vendor" value="Oracle Corporation"/>
    <property name="sun.arch.data.model" value="64"/>
    <property name="user.variant" value=""/>
    <property name="java.vendor.url" value="http://java.oracle.com/"/>
    <property name="user.timezone" value="Asia/Calcutta"/>
    <property name="java.vm.specification.version" value="1.8"/>
    <property name="os.name" value="Windows 7"/>
    <property name="user.country" value="US"/>
    <property name="sun.java.launcher" value="SUN_STANDARD"/>
    <property name="sun.boot.library.path" value="C:\Program Files\Java\jdk1.8.0_152\jre\bin"/>
    <property name="sun.java.command" value="C:\Users\TESTIN~2\AppData\Local\Temp\surefire2534783787632818958\surefirebooter6734507296808933884.jar C:\Users\testing02\AppData\Local\Temp\surefire2534783787632818958 2018-09-05T12-07-28_726-jvmRun1 surefire3020506344689479360tmp surefire_0110443713127866324tmp"/>
    <property name="surefire.test.class.path" value="D:\Repositories\SFM_POM\target\test-classes;D:\Repositories\SFM_POM\target\classes;C:\Users\testing02\.m2\repository\junit\junit\3.8.1\junit-3.8.1.jar;C:\Users\testing02\.m2\repository\org\seleniumhq\selenium\selenium-java\3.14.0\selenium-java-3.14.0.jar;C:\Users\testing02\.m2\repository\org\seleniumhq\selenium\selenium-api\3.14.0\selenium-api-3.14.0.jar;C:\Users\testing02\.m2\repository\org\seleniumhq\selenium\selenium-chrome-driver\3.14.0\selenium-chrome-driver-3.14.0.jar;C:\Users\testing02\.m2\repository\org\seleniumhq\selenium\selenium-edge-driver\3.14.0\selenium-edge-driver-3.14.0.jar;C:\Users\testing02\.m2\repository\org\seleniumhq\selenium\selenium-firefox-driver\3.14.0\selenium-firefox-driver-3.14.0.jar;C:\Users\testing02\.m2\repository\org\seleniumhq\selenium\selenium-ie-driver\3.14.0\selenium-ie-driver-3.14.0.jar;C:\Users\testing02\.m2\repository\org\seleniumhq\selenium\selenium-opera-driver\3.14.0\selenium-opera-driver-3.14.0.jar;C:\Users\testing02\.m2\repository\org\seleniumhq\selenium\selenium-remote-driver\3.14.0\selenium-remote-driver-3.14.0.jar;C:\Users\testing02\.m2\repository\org\seleniumhq\selenium\selenium-safari-driver\3.14.0\selenium-safari-driver-3.14.0.jar;C:\Users\testing02\.m2\repository\org\seleniumhq\selenium\selenium-support\3.14.0\selenium-support-3.14.0.jar;C:\Users\testing02\.m2\repository\net\bytebuddy\byte-buddy\1.8.15\byte-buddy-1.8.15.jar;C:\Users\testing02\.m2\repository\org\apache\commons\commons-exec\1.3\commons-exec-1.3.jar;C:\Users\testing02\.m2\repository\commons-codec\commons-codec\1.10\commons-codec-1.10.jar;C:\Users\testing02\.m2\repository\commons-logging\commons-logging\1.2\commons-logging-1.2.jar;C:\Users\testing02\.m2\repository\com\google\guava\guava\25.0-jre\guava-25.0-jre.jar;C:\Users\testing02\.m2\repository\com\google\code\findbugs\jsr305\1.3.9\jsr305-1.3.9.jar;C:\Users\testing02\.m2\repository\org\checkerframework\checker-compat-qual\2.0.0\checker-compat-qual-2.0.0.jar;C:\Users\testing02\.m2\repository\com\google\errorprone\error_prone_annotations\2.1.3\error_prone_annotations-2.1.3.jar;C:\Users\testing02\.m2\repository\com\google\j2objc\j2objc-annotations\1.1\j2objc-annotations-1.1.jar;C:\Users\testing02\.m2\repository\org\codehaus\mojo\animal-sniffer-annotations\1.14\animal-sniffer-annotations-1.14.jar;C:\Users\testing02\.m2\repository\org\apache\httpcomponents\httpclient\4.5.5\httpclient-4.5.5.jar;C:\Users\testing02\.m2\repository\org\apache\httpcomponents\httpcore\4.4.9\httpcore-4.4.9.jar;C:\Users\testing02\.m2\repository\com\squareup\okhttp3\okhttp\3.10.0\okhttp-3.10.0.jar;C:\Users\testing02\.m2\repository\com\squareup\okio\okio\1.14.1\okio-1.14.1.jar;C:\Users\testing02\.m2\repository\org\testng\testng\6.14.3\testng-6.14.3.jar;C:\Users\testing02\.m2\repository\com\beust\jcommander\1.72\jcommander-1.72.jar;C:\Users\testing02\.m2\repository\org\apache-extras\beanshell\bsh\2.0b6\bsh-2.0b6.jar;C:\Users\testing02\.m2\repository\org\apache\poi\poi\3.9\poi-3.9.jar;C:\Users\testing02\.m2\repository\org\apache\poi\poi-ooxml\3.9\poi-ooxml-3.9.jar;C:\Users\testing02\.m2\repository\dom4j\dom4j\1.6.1\dom4j-1.6.1.jar;C:\Users\testing02\.m2\repository\xml-apis\xml-apis\1.0.b2\xml-apis-1.0.b2.jar;C:\Users\testing02\.m2\repository\org\apache\poi\poi-ooxml-schemas\3.9\poi-ooxml-schemas-3.9.jar;C:\Users\testing02\.m2\repository\org\apache\xmlbeans\xmlbeans\2.3.0\xmlbeans-2.3.0.jar;C:\Users\testing02\.m2\repository\stax\stax-api\1.0.1\stax-api-1.0.1.jar;C:\Users\testing02\.m2\repository\org\apache\poi\poi-scratchpad\3.9\poi-scratchpad-3.9.jar;C:\Users\testing02\.m2\repository\org\apache\poi\ooxml-schemas\1.1\ooxml-schemas-1.1.jar;C:\Users\testing02\.m2\repository\org\apache\poi\openxml4j\1.0-beta\openxml4j-1.0-beta.jar;C:\Users\testing02\.m2\repository\log4j\log4j\1.2.8\log4j-1.2.8.jar;C:\Users\testing02\.m2\repository\com\relevantcodes\extentreports\2.41.2\extentreports-2.41.2.jar;C:\Users\testing02\.m2\repository\org\jsoup\jsoup\1.8.3\jsoup-1.8.3.jar;C:\Users\testing02\.m2\repository\org\xerial\sqlite-jdbc\3.8.11.1\sqlite-jdbc-3.8.11.1.jar;C:\Users\testing02\.m2\repository\org\freemarker\freemarker\2.3.23\freemarker-2.3.23.jar;C:\Users\testing02\.m2\repository\org\mongodb\mongodb-driver\3.0.4\mongodb-driver-3.0.4.jar;C:\Users\testing02\.m2\repository\org\mongodb\bson\3.0.4\bson-3.0.4.jar;C:\Users\testing02\.m2\repository\org\mongodb\mongodb-driver-core\3.0.4\mongodb-driver-core-3.0.4.jar;C:\Users\testing02\.m2\repository\com\codeborne\phantomjsdriver\1.4.4\phantomjsdriver-1.4.4.jar;C:\Users\testing02\.m2\repository\org\apache\maven\surefire\surefire-testng-utils\2.22.0\surefire-testng-utils-2.22.0.jar;C:\Users\testing02\.m2\repository\org\apache\maven\surefire\surefire-grouper\2.22.0\surefire-grouper-2.22.0.jar;"/>
    <property name="sun.cpu.endian" value="little"/>
    <property name="user.home" value="C:\Users\testing02"/>
    <property name="user.language" value="en"/>
    <property name="java.specification.vendor" value="Oracle Corporation"/>
    <property name="java.home" value="C:\Program Files\Java\jdk1.8.0_152\jre"/>
    <property name="basedir" value="D:\Repositories\SFM_POM"/>
    <property name="file.separator" value="\"/>
    <property name="line.separator" value="&#10;"/>
    <property name="java.vm.specification.vendor" value="Oracle Corporation"/>
    <property name="java.specification.name" value="Java Platform API Specification"/>
    <property name="java.awt.graphicsenv" value="sun.awt.Win32GraphicsEnvironment"/>
    <property name="surefire.real.class.path" value="C:\Users\TESTIN~2\AppData\Local\Temp\surefire2534783787632818958\surefirebooter6734507296808933884.jar"/>
    <property name="sun.boot.class.path" value="C:\Program Files\Java\jdk1.8.0_152\jre\lib\resources.jar;C:\Program Files\Java\jdk1.8.0_152\jre\lib\rt.jar;C:\Program Files\Java\jdk1.8.0_152\jre\lib\sunrsasign.jar;C:\Program Files\Java\jdk1.8.0_152\jre\lib\jsse.jar;C:\Program Files\Java\jdk1.8.0_152\jre\lib\jce.jar;C:\Program Files\Java\jdk1.8.0_152\jre\lib\charsets.jar;C:\Program Files\Java\jdk1.8.0_152\jre\lib\jfr.jar;C:\Program Files\Java\jdk1.8.0_152\jre\classes"/>
    <property name="user.script" value=""/>
    <property name="sun.management.compiler" value="HotSpot 64-Bit Tiered Compilers"/>
    <property name="java.runtime.version" value="1.8.0_152-b16"/>
    <property name="user.name" value="testing02"/>
    <property name="path.separator" value=";"/>
    <property name="os.version" value="6.1"/>
    <property name="java.endorsed.dirs" value="C:\Program Files\Java\jdk1.8.0_152\jre\lib\endorsed"/>
    <property name="java.runtime.name" value="Java(TM) SE Runtime Environment"/>
    <property name="file.encoding" value="Cp1252"/>
    <property name="java.vm.name" value="Java HotSpot(TM) 64-Bit Server VM"/>
    <property name="localRepository" value="C:\Users\testing02\.m2\repository"/>
    <property name="java.vendor.url.bug" value="http://bugreport.sun.com/bugreport/"/>
    <property name="java.io.tmpdir" value="C:\Users\TESTIN~2\AppData\Local\Temp\"/>
    <property name="java.version" value="1.8.0_152"/>
    <property name="user.dir" value="D:\Repositories\SFM_POM"/>
    <property name="os.arch" value="amd64"/>
    <property name="java.vm.specification.name" value="Java Virtual Machine Specification"/>
    <property name="java.awt.printerjob" value="sun.awt.windows.WPrinterJob"/>
    <property name="sun.os.patch.level" value="Service Pack 1"/>
    <property name="java.library.path" value="C:\Program Files\Java\jdk1.8.0_152\jre\bin;C:\Windows\Sun\Java\bin;C:\Windows\system32;C:\Windows;C:/Program Files/Java/New folder/bin/server;C:/Program Files/Java/New folder/bin;C:/Program Files/Java/New folder/lib/amd64;C:\ProgramData\Oracle\Java\javapath;C:\Program Files (x86)\Common Files\Oracle\Java\javapath;C:\Program Files\Python36\Scripts\;C:\Program Files\Python36\;C:\Users\sreekanth.k\AppData\Local\Mozilla Firefox;D:\Maven\apache-maven-3.3.9-bin\apache-maven-3.3.9\bin;C:\Users\krishna\AppData\Local\Android\android-sdk\tools;C:\Users\krishna\AppData\Local\Android\android-sdk\platform-tools;D:\Python\Drivers;D:\Academy_Workspace\BrowserDrivers\geckodriver.exe;D:\BrowserDrivers\chromedriver_win32 _Latest\chromedriver.exe;D:\Sreekanth_K\Softwares\apache-ant-1.10.2\bin;C:\Program Files (x86)\Jenkins;D:\Sreekanth_K\Softwares\apache-tomcat-8.5.20-windows-x64\apache-tomcat-8.5.20;C:\Program Files (x86)\Brackets\command;C:\PROGRA~2\Groovy\GROOVY~1.15\bin;C:\Program Files\Java\jdk1.8.0_152\bin;C:\Program Files\Java\New folder\bin;D:\#Sreekanth_K\#Softwares\apache-maven-3.5.4\bin;D:\#Sreekanth_K\#Softwares\apache-ant-1.10.5\bin;C:\TDM-GCC-64\bin;C:\Users\testing02\AppData\Local\Programs\Python\Python36\Scripts\;C:\Users\testing02\AppData\Local\Programs\Python\Python36\;C:\TDM-GCC-64\bin;C:\Users\testing02\AppData\Local\Programs\Git\cmd;C:\Windows\system32;;."/>
    <property name="java.vm.info" value="mixed mode"/>
    <property name="java.vendor" value="Oracle Corporation"/>
    <property name="java.vm.version" value="25.152-b16"/>
    <property name="java.ext.dirs" value="C:\Program Files\Java\jdk1.8.0_152\jre\lib\ext;C:\Windows\Sun\Java\lib\ext"/>
    <property name="sun.io.unicode.encoding" value="UnicodeLittle"/>
    <property name="java.class.version" value="52.0"/>
  </properties>
  <testcase name="VerifyPageTitle" classname="com.sfm.centerpoint.tests.LoginPageTest" time="0.015"/>
  <testcase name="VerifyPageURL" classname="com.sfm.centerpoint.tests.LoginPageTest" time="0.015"/>
  <testcase name="VerifyPageLogo" classname="com.sfm.centerpoint.tests.LoginPageTest" time="0.048"/>
  <testcase name="VerifyLoginButtonText" classname="com.sfm.centerpoint.tests.LoginPageTest" time="0.048"/>
  <testcase name="Verify_Login" classname="com.sfm.centerpoint.tests.LoginPageTest" time="6.007"/>
  <testcase name="VerifyDashboardPage" classname="com.sfm.centerpoint.tests.DashBoardPageTest" time="0.094">
    <failure message="SFMLogo is not displayed" type="junit.framework.AssertionFailedError">junit.framework.AssertionFailedError: SFMLogo is not displayed
	at com.sfm.centerpoint.tests.DashBoardPageTest.VerifyDashboardPage(DashBoardPageTest.java:36)
</failure>
    <system-out><![CDATA[Browser Closed
Completed Executing Test:< Smoke Test >
Execution Begining Test: < Sanity Test >
Launching Headless Browser..
Headless Browser Launched
Login Performed Successfully..!!!


+++++++++++++++++++++++++++++++++++++++++++++++++++++++++++++++++++++++++++++++
TEST----------->>::::|| VerifyDashboardPage ||:::: 05-09-2018-12:08:00 
-------------------------------------------------------------------------------
Test Method Resides in com.sfm.centerpoint.tests.DashBoardPageTest
-------------------------------------------------------------------------------
DONE==>>----<< VerifyDashboardPage >>
R E S U L T--->>::::::::TEST FAILED ::::::::: 05-09-2018-12:08:00 
+++++++++++++++++++++++++++++++++++++++++++++++++++++++++++++++++++++++++++++++
]]></system-out>
    <system-err><![CDATA[[INFO  - 2018-09-05T06:37:54.921Z] ShutdownReqHand - _handle - About to shutdown
Sep 05, 2018 12:07:55 PM org.openqa.selenium.phantomjs.PhantomJSDriverService <init>
INFO: executable: D:\#Sreekanth_K\#Softwares\phantomjs-2.1.1-windows\phantomjs-2.1.1-windows\bin\phantomjs.exe
Sep 05, 2018 12:07:55 PM org.openqa.selenium.phantomjs.PhantomJSDriverService <init>
INFO: port: 3168
Sep 05, 2018 12:07:55 PM org.openqa.selenium.phantomjs.PhantomJSDriverService <init>
INFO: arguments: [--webdriver=3168, --webdriver-logfile=D:\Repositories\SFM_POM\phantomjsdriver.log]
Sep 05, 2018 12:07:55 PM org.openqa.selenium.phantomjs.PhantomJSDriverService <init>
INFO: environment: {}
[INFO  - 2018-09-05T06:37:56.935Z] GhostDriver - Main - running on port 3168
[INFO  - 2018-09-05T06:37:57.190Z] Session [39ab7cf0-b0d6-11e8-96c4-3f9ee5f3be68] - page.settings - {"XSSAuditingEnabled":false,"javascriptCanCloseWindows":true,"javascriptCanOpenWindows":true,"javascriptEnabled":true,"loadImages":true,"localToRemoteUrlAccessEnabled":false,"userAgent":"Mozilla/5.0 (Windows NT 6.1; WOW64) AppleWebKit/538.1 (KHTML, like Gecko) PhantomJS/2.1.1 Safari/538.1","webSecurityEnabled":true}
[INFO  - 2018-09-05T06:37:57.190Z] Session [39ab7cf0-b0d6-11e8-96c4-3f9ee5f3be68] - page.customHeaders:  - {}
[INFO  - 2018-09-05T06:37:57.190Z] Session [39ab7cf0-b0d6-11e8-96c4-3f9ee5f3be68] - Session.negotiatedCapabilities - {"browserName":"phantomjs","version":"2.1.1","driverName":"ghostdriver","driverVersion":"1.2.0","platform":"windows-7-32bit","javascriptEnabled":true,"takesScreenshot":true,"handlesAlerts":false,"databaseEnabled":false,"locationContextEnabled":false,"applicationCacheEnabled":false,"browserConnectionEnabled":false,"cssSelectorsEnabled":true,"webStorageEnabled":false,"rotatable":false,"acceptSslCerts":false,"nativeEvents":true,"proxy":{"proxyType":"direct"}}
[INFO  - 2018-09-05T06:37:57.190Z] SessionManagerReqHand - _postNewSessionCommand - New Session Created: 39ab7cf0-b0d6-11e8-96c4-3f9ee5f3be68
Sep 05, 2018 12:07:57 PM org.openqa.selenium.remote.ProtocolHandshake createSession
INFO: Detected dialect: OSS
[ERROR - 2018-09-05T06:37:59.325Z] Session [39ab7cf0-b0d6-11e8-96c4-3f9ee5f3be68] - page.onError - msg: TypeError: undefined is not a constructor (evaluating 'new Array( 24 ).fill( null )')

  phantomjs://platform/console++.js:263 in error
[ERROR - 2018-09-05T06:37:59.325Z] Session [39ab7cf0-b0d6-11e8-96c4-3f9ee5f3be68] - page.onError - stack:
  (anonymous function) (http://103.231.43.144/resources/js/timepicker.js:30)
  (anonymous function) (http://103.231.43.144/resources/js/timepicker.js:12)

  phantomjs://platform/console++.js:263 in error
]]></system-err>
  </testcase>
</testsuite>